[debug] [2021-02-24T01:25:46.906Z] ----------------------------------------------------------------------
[debug] [2021-02-24T01:25:46.907Z] Command:       /usr/local/bin/node /usr/local/bin/firebase serve --only functions
[debug] [2021-02-24T01:25:46.908Z] CLI Version:   9.5.0
[debug] [2021-02-24T01:25:46.908Z] Platform:      darwin
[debug] [2021-02-24T01:25:46.908Z] Node Version:  v14.7.0
[debug] [2021-02-24T01:25:46.909Z] Time:          Tue Feb 23 2021 19:25:46 GMT-0600 (Central Standard Time)
[debug] [2021-02-24T01:25:46.909Z] ----------------------------------------------------------------------
[debug] [2021-02-24T01:25:46.909Z] 
[debug] [2021-02-24T01:25:46.913Z] > command requires scopes: ["email","openid","https://www.googleapis.com/auth/cloudplatformprojects.readonly","https://www.googleapis.com/auth/firebase","https://www.googleapis.com/auth/cloud-platform"]
[debug] [2021-02-24T01:25:46.914Z] > authorizing via signed-in user
[debug] [2021-02-24T01:25:46.914Z] [iam] checking project music-matters-229420 for permissions ["firebase.projects.get"]
[debug] [2021-02-24T01:25:46.915Z] > refreshing access token with scopes: ["email","https://www.googleapis.com/auth/cloud-platform","https://www.googleapis.com/auth/cloudplatformprojects.readonly","https://www.googleapis.com/auth/firebase","openid"]
[debug] [2021-02-24T01:25:46.915Z] >>> HTTP REQUEST POST https://www.googleapis.com/oauth2/v3/token  
 <request body omitted>
[debug] [2021-02-24T01:25:47.189Z] <<< HTTP RESPONSE 200 {"cache-control":"no-cache, no-store, max-age=0, must-revalidate","pragma":"no-cache","date":"Wed, 24 Feb 2021 01:25:47 GMT","expires":"Mon, 01 Jan 1990 00:00:00 GMT","content-type":"application/json; charset=utf-8","vary":"X-Origin, Referer, Origin,Accept-Encoding","server":"scaffolding on HTTPServer2","x-xss-protection":"0","x-frame-options":"SAMEORIGIN","x-content-type-options":"nosniff","alt-svc":"h3-29=\":443\"; ma=2592000,h3-T051=\":443\"; ma=2592000,h3-Q050=\":443\"; ma=2592000,h3-Q046=\":443\"; ma=2592000,h3-Q043=\":443\"; ma=2592000,quic=\":443\"; ma=2592000; v=\"46,43\"","accept-ranges":"none","transfer-encoding":"chunked"}
[debug] [2021-02-24T01:25:47.221Z] >>> HTTP REQUEST POST https://cloudresourcemanager.googleapis.com/v1/projects/music-matters-229420:testIamPermissions  
 {"permissions":["firebase.projects.get"]}
[debug] [2021-02-24T01:25:47.505Z] <<< HTTP RESPONSE 200 {"content-type":"application/json; charset=UTF-8","vary":"X-Origin, Referer, Origin,Accept-Encoding","date":"Wed, 24 Feb 2021 01:25:47 GMT","server":"ESF","cache-control":"private","x-xss-protection":"0","x-frame-options":"SAMEORIGIN","x-content-type-options":"nosniff","server-timing":"gfet4t7; dur=123","alt-svc":"h3-29=\":443\"; ma=2592000,h3-T051=\":443\"; ma=2592000,h3-Q050=\":443\"; ma=2592000,h3-Q046=\":443\"; ma=2592000,h3-Q043=\":443\"; ma=2592000,quic=\":443\"; ma=2592000; v=\"46,43\"","accept-ranges":"none","transfer-encoding":"chunked"}
[debug] [2021-02-24T01:25:47.507Z] > refreshing access token with scopes: []
[debug] [2021-02-24T01:25:47.507Z] >>> HTTP REQUEST POST https://www.googleapis.com/oauth2/v3/token  
 <request body omitted>
[debug] [2021-02-24T01:25:47.836Z] <<< HTTP RESPONSE 200 {"date":"Wed, 24 Feb 2021 01:25:47 GMT","cache-control":"no-cache, no-store, max-age=0, must-revalidate","expires":"Mon, 01 Jan 1990 00:00:00 GMT","pragma":"no-cache","content-type":"application/json; charset=utf-8","vary":"X-Origin, Referer, Origin,Accept-Encoding","server":"scaffolding on HTTPServer2","x-xss-protection":"0","x-frame-options":"SAMEORIGIN","x-content-type-options":"nosniff","alt-svc":"h3-29=\":443\"; ma=2592000,h3-T051=\":443\"; ma=2592000,h3-Q050=\":443\"; ma=2592000,h3-Q046=\":443\"; ma=2592000,h3-Q043=\":443\"; ma=2592000,quic=\":443\"; ma=2592000; v=\"46,43\"","accept-ranges":"none","transfer-encoding":"chunked"}
[debug] [2021-02-24T01:25:47.868Z] >>> [apiv2][query] GET https://firebase.googleapis.com/v1beta1/projects/music-matters-229420 [none]
[debug] [2021-02-24T01:25:48.199Z] <<< [apiv2][status] GET https://firebase.googleapis.com/v1beta1/projects/music-matters-229420 200
[debug] [2021-02-24T01:25:48.200Z] <<< [apiv2][body] GET https://firebase.googleapis.com/v1beta1/projects/music-matters-229420 {"projectId":"music-matters-229420","projectNumber":"939526187420","displayName":"Music Matters","name":"projects/music-matters-229420","resources":{"hostingSite":"music-matters-229420","realtimeDatabaseInstance":"music-matters-229420","storageBucket":"music-matters-229420.appspot.com","locationId":"us-east1"},"state":"ACTIVE"}
[warn] ⚠  Your requested "node" version "10" doesn't match your global version "14" {"metadata":{"emulator":{"name":"functions"},"message":"Your requested \"node\" version \"10\" doesn't match your global version \"14\""}}
[debug] [2021-02-24T01:25:48.211Z] defaultcredentials: writing to file /Users/sarahpham/.config/firebase/musicmattersbookings_gmail_com_application_default_credentials.json
[debug] [2021-02-24T01:25:48.212Z] Setting GAC to /Users/sarahpham/.config/firebase/musicmattersbookings_gmail_com_application_default_credentials.json {"metadata":{"emulator":{"name":"functions"},"message":"Setting GAC to /Users/sarahpham/.config/firebase/musicmattersbookings_gmail_com_application_default_credentials.json"}}
[debug] [2021-02-24T01:25:48.212Z] >>> [apiv2][query] GET https://firebase.googleapis.com/v1beta1/projects/music-matters-229420/adminSdkConfig [none]
[debug] [2021-02-24T01:25:48.568Z] <<< [apiv2][status] GET https://firebase.googleapis.com/v1beta1/projects/music-matters-229420/adminSdkConfig 200
[debug] [2021-02-24T01:25:48.568Z] <<< [apiv2][body] GET https://firebase.googleapis.com/v1beta1/projects/music-matters-229420/adminSdkConfig {"projectId":"music-matters-229420","databaseURL":"https://music-matters-229420.firebaseio.com","storageBucket":"music-matters-229420.appspot.com","locationId":"us-east1"}
[info] i  functions: Watching "/Users/sarahpham/Documents/school/SeniorDesign/functions" for Cloud Functions... {"metadata":{"emulator":{"name":"functions"},"message":"Watching \"/Users/sarahpham/Documents/school/SeniorDesign/functions\" for Cloud Functions..."}}
[debug] [2021-02-24T01:25:48.612Z] [worker-pool] addWorker(~diagnostic~) {"metadata":{"emulator":{"name":"functions"},"message":"[worker-pool] addWorker(~diagnostic~)"}}
[debug] [2021-02-24T01:25:48.612Z] [worker-pool] Adding worker with key ~diagnostic~, total=1 {"metadata":{"emulator":{"name":"functions"},"message":"[worker-pool] Adding worker with key ~diagnostic~, total=1"}}
[debug] [2021-02-24T01:25:48.612Z] [worker-pool] submitWork(triggerId=) {"metadata":{"emulator":{"name":"functions"},"message":"[worker-pool] submitWork(triggerId=)"}}
[debug] [2021-02-24T01:25:48.613Z] [worker-~diagnostic~-a540a692-065a-433a-9440-36480d980a20]: Assigning socketPath: /var/folders/vw/37cw8dlx2m5b969g_hsdthpm0000gn/T/fire_emu_23872.sock {"metadata":{"emulator":{"name":"functions"},"message":"[worker-~diagnostic~-a540a692-065a-433a-9440-36480d980a20]: Assigning socketPath: /var/folders/vw/37cw8dlx2m5b969g_hsdthpm0000gn/T/fire_emu_23872.sock"}}
[debug] [2021-02-24T01:25:48.613Z] [worker-~diagnostic~-a540a692-065a-433a-9440-36480d980a20]: BUSY {"metadata":{"emulator":{"name":"functions"},"message":"[worker-~diagnostic~-a540a692-065a-433a-9440-36480d980a20]: BUSY"}}
[debug] [2021-02-24T01:25:48.719Z] [runtime-status] [23872] Functions runtime initialized. {"cwd":"/Users/sarahpham/Documents/school/SeniorDesign/functions","node_version":"14.7.0"} {"metadata":{"emulator":{"name":"functions"},"message":"[runtime-status] [23872] Functions runtime initialized. {\"cwd\":\"/Users/sarahpham/Documents/school/SeniorDesign/functions\",\"node_version\":\"14.7.0\"}"}}
[debug] [2021-02-24T01:25:48.720Z] [runtime-status] [23872] Disabled runtime features: undefined {"metadata":{"emulator":{"name":"functions"},"message":"[runtime-status] [23872] Disabled runtime features: undefined"}}
[debug] [2021-02-24T01:25:48.722Z] [runtime-status] [23872] Resolved module firebase-admin {"declared":true,"installed":true,"version":"9.5.0","resolution":"/Users/sarahpham/Documents/school/SeniorDesign/node_modules/firebase-admin/lib/index.js"} {"metadata":{"emulator":{"name":"functions"},"message":"[runtime-status] [23872] Resolved module firebase-admin {\"declared\":true,\"installed\":true,\"version\":\"9.5.0\",\"resolution\":\"/Users/sarahpham/Documents/school/SeniorDesign/node_modules/firebase-admin/lib/index.js\"}"}}
[debug] [2021-02-24T01:25:48.722Z] [runtime-status] [23872] Resolved module firebase-functions {"declared":true,"installed":true,"version":"3.13.2","resolution":"/Users/sarahpham/Documents/school/SeniorDesign/node_modules/firebase-functions/lib/index.js"} {"metadata":{"emulator":{"name":"functions"},"message":"[runtime-status] [23872] Resolved module firebase-functions {\"declared\":true,\"installed\":true,\"version\":\"3.13.2\",\"resolution\":\"/Users/sarahpham/Documents/school/SeniorDesign/node_modules/firebase-functions/lib/index.js\"}"}}
[debug] [2021-02-24T01:25:48.723Z] [runtime-status] [23872] Resolved module firebase-functions {"declared":true,"installed":true,"version":"3.13.2","resolution":"/Users/sarahpham/Documents/school/SeniorDesign/node_modules/firebase-functions/lib/index.js"} {"metadata":{"emulator":{"name":"functions"},"message":"[runtime-status] [23872] Resolved module firebase-functions {\"declared\":true,\"installed\":true,\"version\":\"3.13.2\",\"resolution\":\"/Users/sarahpham/Documents/school/SeniorDesign/node_modules/firebase-functions/lib/index.js\"}"}}
[debug] [2021-02-24T01:25:48.725Z] [runtime-status] [23872] Outgoing network have been stubbed. [{"name":"http","status":"mocked"},{"name":"http","status":"mocked"},{"name":"https","status":"mocked"},{"name":"https","status":"mocked"},{"name":"net","status":"mocked"}] {"metadata":{"emulator":{"name":"functions"},"message":"[runtime-status] [23872] Outgoing network have been stubbed. [{\"name\":\"http\",\"status\":\"mocked\"},{\"name\":\"http\",\"status\":\"mocked\"},{\"name\":\"https\",\"status\":\"mocked\"},{\"name\":\"https\",\"status\":\"mocked\"},{\"name\":\"net\",\"status\":\"mocked\"}]"}}
[debug] [2021-02-24T01:25:48.725Z] [runtime-status] [23872] Resolved module firebase-functions {"declared":true,"installed":true,"version":"3.13.2","resolution":"/Users/sarahpham/Documents/school/SeniorDesign/node_modules/firebase-functions/lib/index.js"} {"metadata":{"emulator":{"name":"functions"},"message":"[runtime-status] [23872] Resolved module firebase-functions {\"declared\":true,\"installed\":true,\"version\":\"3.13.2\",\"resolution\":\"/Users/sarahpham/Documents/school/SeniorDesign/node_modules/firebase-functions/lib/index.js\"}"}}
[debug] [2021-02-24T01:25:48.750Z] [runtime-status] [23872] Checked functions.config() {"config":{}} {"metadata":{"emulator":{"name":"functions"},"message":"[runtime-status] [23872] Checked functions.config() {\"config\":{}}"}}
[debug] [2021-02-24T01:25:48.750Z] [runtime-status] [23872] firebase-functions has been stubbed. {"functionsResolution":{"declared":true,"installed":true,"version":"3.13.2","resolution":"/Users/sarahpham/Documents/school/SeniorDesign/node_modules/firebase-functions/lib/index.js"}} {"metadata":{"emulator":{"name":"functions"},"message":"[runtime-status] [23872] firebase-functions has been stubbed. {\"functionsResolution\":{\"declared\":true,\"installed\":true,\"version\":\"3.13.2\",\"resolution\":\"/Users/sarahpham/Documents/school/SeniorDesign/node_modules/firebase-functions/lib/index.js\"}}"}}
[debug] [2021-02-24T01:25:48.751Z] [runtime-status] [23872] Resolved module firebase-functions {"declared":true,"installed":true,"version":"3.13.2","resolution":"/Users/sarahpham/Documents/school/SeniorDesign/node_modules/firebase-functions/lib/index.js"} {"metadata":{"emulator":{"name":"functions"},"message":"[runtime-status] [23872] Resolved module firebase-functions {\"declared\":true,\"installed\":true,\"version\":\"3.13.2\",\"resolution\":\"/Users/sarahpham/Documents/school/SeniorDesign/node_modules/firebase-functions/lib/index.js\"}"}}
[debug] [2021-02-24T01:25:48.751Z] [runtime-status] [23872] Resolved module firebase-admin {"declared":true,"installed":true,"version":"9.5.0","resolution":"/Users/sarahpham/Documents/school/SeniorDesign/node_modules/firebase-admin/lib/index.js"} {"metadata":{"emulator":{"name":"functions"},"message":"[runtime-status] [23872] Resolved module firebase-admin {\"declared\":true,\"installed\":true,\"version\":\"9.5.0\",\"resolution\":\"/Users/sarahpham/Documents/school/SeniorDesign/node_modules/firebase-admin/lib/index.js\"}"}}
[debug] [2021-02-24T01:25:48.751Z] [runtime-status] [23872] Resolved module firebase-functions {"declared":true,"installed":true,"version":"3.13.2","resolution":"/Users/sarahpham/Documents/school/SeniorDesign/node_modules/firebase-functions/lib/index.js"} {"metadata":{"emulator":{"name":"functions"},"message":"[runtime-status] [23872] Resolved module firebase-functions {\"declared\":true,\"installed\":true,\"version\":\"3.13.2\",\"resolution\":\"/Users/sarahpham/Documents/school/SeniorDesign/node_modules/firebase-functions/lib/index.js\"}"}}
[debug] [2021-02-24T01:25:48.751Z] [runtime-status] [23872] firebase-admin has been stubbed. {"adminResolution":{"declared":true,"installed":true,"version":"9.5.0","resolution":"/Users/sarahpham/Documents/school/SeniorDesign/node_modules/firebase-admin/lib/index.js"}} {"metadata":{"emulator":{"name":"functions"},"message":"[runtime-status] [23872] firebase-admin has been stubbed. {\"adminResolution\":{\"declared\":true,\"installed\":true,\"version\":\"9.5.0\",\"resolution\":\"/Users/sarahpham/Documents/school/SeniorDesign/node_modules/firebase-admin/lib/index.js\"}}"}}
[warn] ⚠  It looks like you're trying to access functions.config().drive but there is no value there. You can learn more about setting up config here: https://firebase.google.com/docs/functions/local-emulator {"metadata":{"emulator":{"name":"functions"},"message":"It looks like you're trying to access functions.config().drive but there is no value there. You can learn more about setting up config here: https://firebase.google.com/docs/functions/local-emulator"}}
[warn] ⚠  TypeError: Cannot read property 'web' of undefined
    at Object.<anonymous> (/Users/sarahpham/Documents/school/SeniorDesign/functions/handlers/driveHandler.js:6:61)
    at Module._compile (internal/modules/cjs/loader.js:1256:30)
    at Object.Module._extensions..js (internal/modules/cjs/loader.js:1277:10)
    at Module.load (internal/modules/cjs/loader.js:1105:32)
    at Function.Module._load (internal/modules/cjs/loader.js:967:14)
    at Module.require (internal/modules/cjs/loader.js:1145:19)
    at require (internal/modules/cjs/helpers.js:75:18)
    at Object.<anonymous> (/Users/sarahpham/Documents/school/SeniorDesign/functions/index.js:5:15)
    at Module._compile (internal/modules/cjs/loader.js:1256:30)
    at Object.Module._extensions..js (internal/modules/cjs/loader.js:1277:10) {"metadata":{"emulator":{"name":"functions"},"message":"TypeError: Cannot read property 'web' of undefined\n    at Object.<anonymous> (/Users/sarahpham/Documents/school/SeniorDesign/functions/handlers/driveHandler.js:6:61)\n    at Module._compile (internal/modules/cjs/loader.js:1256:30)\n    at Object.Module._extensions..js (internal/modules/cjs/loader.js:1277:10)\n    at Module.load (internal/modules/cjs/loader.js:1105:32)\n    at Function.Module._load (internal/modules/cjs/loader.js:967:14)\n    at Module.require (internal/modules/cjs/loader.js:1145:19)\n    at require (internal/modules/cjs/helpers.js:75:18)\n    at Object.<anonymous> (/Users/sarahpham/Documents/school/SeniorDesign/functions/index.js:5:15)\n    at Module._compile (internal/modules/cjs/loader.js:1256:30)\n    at Object.Module._extensions..js (internal/modules/cjs/loader.js:1277:10)"}}
[warn] ⚠  We were unable to load your functions code. (see above) {"metadata":{"emulator":{"name":"functions"}}}
[debug] [2021-02-24T01:25:49.303Z] [worker-~diagnostic~-a540a692-065a-433a-9440-36480d980a20]: exited {"metadata":{"emulator":{"name":"functions"},"message":"[worker-~diagnostic~-a540a692-065a-433a-9440-36480d980a20]: exited"}}
[debug] [2021-02-24T01:25:49.303Z] [worker-~diagnostic~-a540a692-065a-433a-9440-36480d980a20]: FINISHED {"metadata":{"emulator":{"name":"functions"},"message":"[worker-~diagnostic~-a540a692-065a-433a-9440-36480d980a20]: FINISHED"}}
[debug] [2021-02-24T22:18:43.096Z] ----------------------------------------------------------------------
[debug] [2021-02-24T22:18:43.098Z] Command:       /usr/local/bin/node /usr/local/bin/firebase serve --only functions
[debug] [2021-02-24T22:18:43.098Z] CLI Version:   9.5.0
[debug] [2021-02-24T22:18:43.099Z] Platform:      darwin
[debug] [2021-02-24T22:18:43.099Z] Node Version:  v14.7.0
[debug] [2021-02-24T22:18:43.106Z] Time:          Wed Feb 24 2021 16:18:43 GMT-0600 (Central Standard Time)
[debug] [2021-02-24T22:18:43.106Z] ----------------------------------------------------------------------
[debug] [2021-02-24T22:18:43.106Z] 
[debug] [2021-02-24T22:18:43.113Z] > command requires scopes: ["email","openid","https://www.googleapis.com/auth/cloudplatformprojects.readonly","https://www.googleapis.com/auth/firebase","https://www.googleapis.com/auth/cloud-platform"]
[debug] [2021-02-24T22:18:43.114Z] > authorizing via signed-in user
[debug] [2021-02-24T22:18:43.114Z] [iam] checking project music-matters-229420 for permissions ["firebase.projects.get"]
[debug] [2021-02-24T22:18:43.115Z] > refreshing access token with scopes: ["email","https://www.googleapis.com/auth/cloud-platform","https://www.googleapis.com/auth/cloudplatformprojects.readonly","https://www.googleapis.com/auth/firebase","openid"]
[debug] [2021-02-24T22:18:43.116Z] >>> HTTP REQUEST POST https://www.googleapis.com/oauth2/v3/token  
 <request body omitted>
[debug] [2021-02-24T22:18:43.720Z] <<< HTTP RESPONSE 200 {"cache-control":"no-cache, no-store, max-age=0, must-revalidate","date":"Wed, 24 Feb 2021 22:18:43 GMT","expires":"Mon, 01 Jan 1990 00:00:00 GMT","pragma":"no-cache","content-type":"application/json; charset=utf-8","vary":"X-Origin, Referer, Origin,Accept-Encoding","server":"scaffolding on HTTPServer2","x-xss-protection":"0","x-frame-options":"SAMEORIGIN","x-content-type-options":"nosniff","alt-svc":"h3-29=\":443\"; ma=2592000,h3-T051=\":443\"; ma=2592000,h3-Q050=\":443\"; ma=2592000,h3-Q046=\":443\"; ma=2592000,h3-Q043=\":443\"; ma=2592000,quic=\":443\"; ma=2592000; v=\"46,43\"","accept-ranges":"none","transfer-encoding":"chunked"}
[debug] [2021-02-24T22:18:43.751Z] >>> HTTP REQUEST POST https://cloudresourcemanager.googleapis.com/v1/projects/music-matters-229420:testIamPermissions  
 {"permissions":["firebase.projects.get"]}
[debug] [2021-02-24T22:18:44.190Z] <<< HTTP RESPONSE 200 {"content-type":"application/json; charset=UTF-8","vary":"X-Origin, Referer, Origin,Accept-Encoding","date":"Wed, 24 Feb 2021 22:18:44 GMT","server":"ESF","cache-control":"private","x-xss-protection":"0","x-frame-options":"SAMEORIGIN","x-content-type-options":"nosniff","server-timing":"gfet4t7; dur=40","alt-svc":"h3-29=\":443\"; ma=2592000,h3-T051=\":443\"; ma=2592000,h3-Q050=\":443\"; ma=2592000,h3-Q046=\":443\"; ma=2592000,h3-Q043=\":443\"; ma=2592000,quic=\":443\"; ma=2592000; v=\"46,43\"","accept-ranges":"none","transfer-encoding":"chunked"}
[debug] [2021-02-24T22:18:44.191Z] > refreshing access token with scopes: []
[debug] [2021-02-24T22:18:44.191Z] >>> HTTP REQUEST POST https://www.googleapis.com/oauth2/v3/token  
 <request body omitted>
[debug] [2021-02-24T22:18:45.065Z] <<< HTTP RESPONSE 200 {"expires":"Mon, 01 Jan 1990 00:00:00 GMT","date":"Wed, 24 Feb 2021 22:18:44 GMT","cache-control":"no-cache, no-store, max-age=0, must-revalidate","pragma":"no-cache","content-type":"application/json; charset=utf-8","vary":"X-Origin, Referer, Origin,Accept-Encoding","server":"scaffolding on HTTPServer2","x-xss-protection":"0","x-frame-options":"SAMEORIGIN","x-content-type-options":"nosniff","alt-svc":"h3-29=\":443\"; ma=2592000,h3-T051=\":443\"; ma=2592000,h3-Q050=\":443\"; ma=2592000,h3-Q046=\":443\"; ma=2592000,h3-Q043=\":443\"; ma=2592000,quic=\":443\"; ma=2592000; v=\"46,43\"","accept-ranges":"none","transfer-encoding":"chunked"}
[debug] [2021-02-24T22:18:45.101Z] >>> [apiv2][query] GET https://firebase.googleapis.com/v1beta1/projects/music-matters-229420 [none]
[debug] [2021-02-24T22:18:45.703Z] <<< [apiv2][status] GET https://firebase.googleapis.com/v1beta1/projects/music-matters-229420 200
[debug] [2021-02-24T22:18:45.704Z] <<< [apiv2][body] GET https://firebase.googleapis.com/v1beta1/projects/music-matters-229420 {"projectId":"music-matters-229420","projectNumber":"939526187420","displayName":"Music Matters","name":"projects/music-matters-229420","resources":{"hostingSite":"music-matters-229420","realtimeDatabaseInstance":"music-matters-229420","storageBucket":"music-matters-229420.appspot.com","locationId":"us-east1"},"state":"ACTIVE"}
[warn] ⚠  Your requested "node" version "10" doesn't match your global version "14" {"metadata":{"emulator":{"name":"functions"},"message":"Your requested \"node\" version \"10\" doesn't match your global version \"14\""}}
[debug] [2021-02-24T22:18:45.717Z] defaultcredentials: writing to file /Users/sarahpham/.config/firebase/musicmattersbookings_gmail_com_application_default_credentials.json
[debug] [2021-02-24T22:18:45.719Z] Setting GAC to /Users/sarahpham/.config/firebase/musicmattersbookings_gmail_com_application_default_credentials.json {"metadata":{"emulator":{"name":"functions"},"message":"Setting GAC to /Users/sarahpham/.config/firebase/musicmattersbookings_gmail_com_application_default_credentials.json"}}
[debug] [2021-02-24T22:18:45.720Z] >>> [apiv2][query] GET https://firebase.googleapis.com/v1beta1/projects/music-matters-229420/adminSdkConfig [none]
[debug] [2021-02-24T22:18:46.264Z] <<< [apiv2][status] GET https://firebase.googleapis.com/v1beta1/projects/music-matters-229420/adminSdkConfig 200
[debug] [2021-02-24T22:18:46.264Z] <<< [apiv2][body] GET https://firebase.googleapis.com/v1beta1/projects/music-matters-229420/adminSdkConfig {"projectId":"music-matters-229420","databaseURL":"https://music-matters-229420.firebaseio.com","storageBucket":"music-matters-229420.appspot.com","locationId":"us-east1"}
[info] i  functions: Watching "/Users/sarahpham/Documents/school/SeniorDesign/functions" for Cloud Functions... {"metadata":{"emulator":{"name":"functions"},"message":"Watching \"/Users/sarahpham/Documents/school/SeniorDesign/functions\" for Cloud Functions..."}}
[debug] [2021-02-24T22:18:46.308Z] [worker-pool] addWorker(~diagnostic~) {"metadata":{"emulator":{"name":"functions"},"message":"[worker-pool] addWorker(~diagnostic~)"}}
[debug] [2021-02-24T22:18:46.309Z] [worker-pool] Adding worker with key ~diagnostic~, total=1 {"metadata":{"emulator":{"name":"functions"},"message":"[worker-pool] Adding worker with key ~diagnostic~, total=1"}}
[debug] [2021-02-24T22:18:46.309Z] [worker-pool] submitWork(triggerId=) {"metadata":{"emulator":{"name":"functions"},"message":"[worker-pool] submitWork(triggerId=)"}}
[debug] [2021-02-24T22:18:46.309Z] [worker-~diagnostic~-fe88af75-f27b-4620-bacc-a60149206598]: Assigning socketPath: /var/folders/vw/37cw8dlx2m5b969g_hsdthpm0000gn/T/fire_emu_44541.sock {"metadata":{"emulator":{"name":"functions"},"message":"[worker-~diagnostic~-fe88af75-f27b-4620-bacc-a60149206598]: Assigning socketPath: /var/folders/vw/37cw8dlx2m5b969g_hsdthpm0000gn/T/fire_emu_44541.sock"}}
[debug] [2021-02-24T22:18:46.309Z] [worker-~diagnostic~-fe88af75-f27b-4620-bacc-a60149206598]: BUSY {"metadata":{"emulator":{"name":"functions"},"message":"[worker-~diagnostic~-fe88af75-f27b-4620-bacc-a60149206598]: BUSY"}}
[debug] [2021-02-24T22:18:46.427Z] [runtime-status] [44541] Functions runtime initialized. {"cwd":"/Users/sarahpham/Documents/school/SeniorDesign/functions","node_version":"14.7.0"} {"metadata":{"emulator":{"name":"functions"},"message":"[runtime-status] [44541] Functions runtime initialized. {\"cwd\":\"/Users/sarahpham/Documents/school/SeniorDesign/functions\",\"node_version\":\"14.7.0\"}"}}
[debug] [2021-02-24T22:18:46.429Z] [runtime-status] [44541] Disabled runtime features: undefined {"metadata":{"emulator":{"name":"functions"},"message":"[runtime-status] [44541] Disabled runtime features: undefined"}}
[debug] [2021-02-24T22:18:46.430Z] [runtime-status] [44541] Resolved module firebase-admin {"declared":true,"installed":true,"version":"9.5.0","resolution":"/Users/sarahpham/Documents/school/SeniorDesign/node_modules/firebase-admin/lib/index.js"} {"metadata":{"emulator":{"name":"functions"},"message":"[runtime-status] [44541] Resolved module firebase-admin {\"declared\":true,\"installed\":true,\"version\":\"9.5.0\",\"resolution\":\"/Users/sarahpham/Documents/school/SeniorDesign/node_modules/firebase-admin/lib/index.js\"}"}}
[debug] [2021-02-24T22:18:46.432Z] [runtime-status] [44541] Resolved module firebase-functions {"declared":true,"installed":true,"version":"3.13.2","resolution":"/Users/sarahpham/Documents/school/SeniorDesign/node_modules/firebase-functions/lib/index.js"} {"metadata":{"emulator":{"name":"functions"},"message":"[runtime-status] [44541] Resolved module firebase-functions {\"declared\":true,\"installed\":true,\"version\":\"3.13.2\",\"resolution\":\"/Users/sarahpham/Documents/school/SeniorDesign/node_modules/firebase-functions/lib/index.js\"}"}}
[debug] [2021-02-24T22:18:46.434Z] [runtime-status] [44541] Resolved module firebase-functions {"declared":true,"installed":true,"version":"3.13.2","resolution":"/Users/sarahpham/Documents/school/SeniorDesign/node_modules/firebase-functions/lib/index.js"} {"metadata":{"emulator":{"name":"functions"},"message":"[runtime-status] [44541] Resolved module firebase-functions {\"declared\":true,\"installed\":true,\"version\":\"3.13.2\",\"resolution\":\"/Users/sarahpham/Documents/school/SeniorDesign/node_modules/firebase-functions/lib/index.js\"}"}}
[debug] [2021-02-24T22:18:46.435Z] [runtime-status] [44541] Outgoing network have been stubbed. [{"name":"http","status":"mocked"},{"name":"http","status":"mocked"},{"name":"https","status":"mocked"},{"name":"https","status":"mocked"},{"name":"net","status":"mocked"}] {"metadata":{"emulator":{"name":"functions"},"message":"[runtime-status] [44541] Outgoing network have been stubbed. [{\"name\":\"http\",\"status\":\"mocked\"},{\"name\":\"http\",\"status\":\"mocked\"},{\"name\":\"https\",\"status\":\"mocked\"},{\"name\":\"https\",\"status\":\"mocked\"},{\"name\":\"net\",\"status\":\"mocked\"}]"}}
[debug] [2021-02-24T22:18:46.435Z] [runtime-status] [44541] Resolved module firebase-functions {"declared":true,"installed":true,"version":"3.13.2","resolution":"/Users/sarahpham/Documents/school/SeniorDesign/node_modules/firebase-functions/lib/index.js"} {"metadata":{"emulator":{"name":"functions"},"message":"[runtime-status] [44541] Resolved module firebase-functions {\"declared\":true,\"installed\":true,\"version\":\"3.13.2\",\"resolution\":\"/Users/sarahpham/Documents/school/SeniorDesign/node_modules/firebase-functions/lib/index.js\"}"}}
[debug] [2021-02-24T22:18:46.484Z] [runtime-status] [44541] Checked functions.config() {"config":{}} {"metadata":{"emulator":{"name":"functions"},"message":"[runtime-status] [44541] Checked functions.config() {\"config\":{}}"}}
[debug] [2021-02-24T22:18:46.484Z] [runtime-status] [44541] firebase-functions has been stubbed. {"functionsResolution":{"declared":true,"installed":true,"version":"3.13.2","resolution":"/Users/sarahpham/Documents/school/SeniorDesign/node_modules/firebase-functions/lib/index.js"}} {"metadata":{"emulator":{"name":"functions"},"message":"[runtime-status] [44541] firebase-functions has been stubbed. {\"functionsResolution\":{\"declared\":true,\"installed\":true,\"version\":\"3.13.2\",\"resolution\":\"/Users/sarahpham/Documents/school/SeniorDesign/node_modules/firebase-functions/lib/index.js\"}}"}}
[debug] [2021-02-24T22:18:46.484Z] [runtime-status] [44541] Resolved module firebase-functions {"declared":true,"installed":true,"version":"3.13.2","resolution":"/Users/sarahpham/Documents/school/SeniorDesign/node_modules/firebase-functions/lib/index.js"} {"metadata":{"emulator":{"name":"functions"},"message":"[runtime-status] [44541] Resolved module firebase-functions {\"declared\":true,\"installed\":true,\"version\":\"3.13.2\",\"resolution\":\"/Users/sarahpham/Documents/school/SeniorDesign/node_modules/firebase-functions/lib/index.js\"}"}}
[debug] [2021-02-24T22:18:46.485Z] [runtime-status] [44541] Resolved module firebase-admin {"declared":true,"installed":true,"version":"9.5.0","resolution":"/Users/sarahpham/Documents/school/SeniorDesign/node_modules/firebase-admin/lib/index.js"} {"metadata":{"emulator":{"name":"functions"},"message":"[runtime-status] [44541] Resolved module firebase-admin {\"declared\":true,\"installed\":true,\"version\":\"9.5.0\",\"resolution\":\"/Users/sarahpham/Documents/school/SeniorDesign/node_modules/firebase-admin/lib/index.js\"}"}}
[debug] [2021-02-24T22:18:46.485Z] [runtime-status] [44541] Resolved module firebase-functions {"declared":true,"installed":true,"version":"3.13.2","resolution":"/Users/sarahpham/Documents/school/SeniorDesign/node_modules/firebase-functions/lib/index.js"} {"metadata":{"emulator":{"name":"functions"},"message":"[runtime-status] [44541] Resolved module firebase-functions {\"declared\":true,\"installed\":true,\"version\":\"3.13.2\",\"resolution\":\"/Users/sarahpham/Documents/school/SeniorDesign/node_modules/firebase-functions/lib/index.js\"}"}}
[debug] [2021-02-24T22:18:46.486Z] [runtime-status] [44541] firebase-admin has been stubbed. {"adminResolution":{"declared":true,"installed":true,"version":"9.5.0","resolution":"/Users/sarahpham/Documents/school/SeniorDesign/node_modules/firebase-admin/lib/index.js"}} {"metadata":{"emulator":{"name":"functions"},"message":"[runtime-status] [44541] firebase-admin has been stubbed. {\"adminResolution\":{\"declared\":true,\"installed\":true,\"version\":\"9.5.0\",\"resolution\":\"/Users/sarahpham/Documents/school/SeniorDesign/node_modules/firebase-admin/lib/index.js\"}}"}}
[warn] ⚠  It looks like you're trying to access functions.config().drive but there is no value there. You can learn more about setting up config here: https://firebase.google.com/docs/functions/local-emulator {"metadata":{"emulator":{"name":"functions"},"message":"It looks like you're trying to access functions.config().drive but there is no value there. You can learn more about setting up config here: https://firebase.google.com/docs/functions/local-emulator"}}
[warn] ⚠  TypeError: Cannot read property 'web' of undefined
    at Object.<anonymous> (/Users/sarahpham/Documents/school/SeniorDesign/functions/handlers/driveHandler.js:6:61)
    at Module._compile (internal/modules/cjs/loader.js:1256:30)
    at Object.Module._extensions..js (internal/modules/cjs/loader.js:1277:10)
    at Module.load (internal/modules/cjs/loader.js:1105:32)
    at Function.Module._load (internal/modules/cjs/loader.js:967:14)
    at Module.require (internal/modules/cjs/loader.js:1145:19)
    at require (internal/modules/cjs/helpers.js:75:18)
    at Object.<anonymous> (/Users/sarahpham/Documents/school/SeniorDesign/functions/index.js:5:15)
    at Module._compile (internal/modules/cjs/loader.js:1256:30)
    at Object.Module._extensions..js (internal/modules/cjs/loader.js:1277:10) {"metadata":{"emulator":{"name":"functions"},"message":"TypeError: Cannot read property 'web' of undefined\n    at Object.<anonymous> (/Users/sarahpham/Documents/school/SeniorDesign/functions/handlers/driveHandler.js:6:61)\n    at Module._compile (internal/modules/cjs/loader.js:1256:30)\n    at Object.Module._extensions..js (internal/modules/cjs/loader.js:1277:10)\n    at Module.load (internal/modules/cjs/loader.js:1105:32)\n    at Function.Module._load (internal/modules/cjs/loader.js:967:14)\n    at Module.require (internal/modules/cjs/loader.js:1145:19)\n    at require (internal/modules/cjs/helpers.js:75:18)\n    at Object.<anonymous> (/Users/sarahpham/Documents/school/SeniorDesign/functions/index.js:5:15)\n    at Module._compile (internal/modules/cjs/loader.js:1256:30)\n    at Object.Module._extensions..js (internal/modules/cjs/loader.js:1277:10)"}}
[warn] ⚠  We were unable to load your functions code. (see above) {"metadata":{"emulator":{"name":"functions"}}}
[debug] [2021-02-24T22:18:47.583Z] [worker-~diagnostic~-fe88af75-f27b-4620-bacc-a60149206598]: exited {"metadata":{"emulator":{"name":"functions"},"message":"[worker-~diagnostic~-fe88af75-f27b-4620-bacc-a60149206598]: exited"}}
[debug] [2021-02-24T22:18:47.583Z] [worker-~diagnostic~-fe88af75-f27b-4620-bacc-a60149206598]: FINISHED {"metadata":{"emulator":{"name":"functions"},"message":"[worker-~diagnostic~-fe88af75-f27b-4620-bacc-a60149206598]: FINISHED"}}
